<?xml version="1.0" encoding="UTF-8"?>
<!-- Generated by org.testng.reporters.JUnitReportReporter -->
<testsuite hostname="Techs-iMac.local.tld" failures="0" tests="3" name="scripts.CarsComTest" time="69.661" errors="0" timestamp="2022-06-07T17:39:15 CDT" skipped="0">
  <testcase classname="scripts.CarsComTest" name="validateSignInForm" time="23.506"/>
  <system-out/>
  <testcase classname="scripts.CarsComTest" name="validateSignInPageSocialMediaSection" time="20.539"/>
  <system-out/>
  <testcase classname="scripts.CarsComTest" name="validateErrorMessageForInvalidCredentialsToSignIn" time="25.616"/>
  <system-out/>
</testsuite> <!-- scripts.CarsComTest -->
